# JRE version: OpenJDK Runtime Environment (11.0.12+7) (build 11.0.12+7-b1504.28-7817840)
# Java VM: OpenJDK 64-Bit Server VM (11.0.12+7-b1504.28-7817840, mixed mode, tiered, compressed oops, g1 gc, windows-amd64)
Heap:
 garbage-first heap   total 189440K, used 51200K [0x0000000081a00000, 0x0000000100000000)
  region size 1024K, 9 young (9216K), 9 survivors (9216K)
 Metaspace       used 71238K, capacity 71897K, committed 72028K, reserved 1114112K
  class space    used 7882K, capacity 8140K, committed 8188K, reserved 1048576K
GC Heap History (17 events):
Event: 0.531 GC heap before
{Heap before GC invocations=0 (full 0):
 garbage-first heap   total 131072K, used 27648K [0x0000000081a00000, 0x0000000100000000)
  region size 1024K, 24 young (24576K), 0 survivors (0K)
 Metaspace       used 12512K, capacity 12689K, committed 12800K, reserved 1060864K
  class space    used 1143K, capacity 1182K, committed 1280K, reserved 1048576K
}
Event: 0.534 GC heap after
{Heap after GC invocations=1 (full 0):
 garbage-first heap   total 131072K, used 6329K [0x0000000081a00000, 0x0000000100000000)
  region size 1024K, 3 young (3072K), 3 survivors (3072K)
 Metaspace       used 12512K, capacity 12689K, committed 12800K, reserved 1060864K
  class space    used 1143K, capacity 1182K, committed 1280K, reserved 1048576K
}
Event: 1.054 GC heap before
{Heap before GC invocations=1 (full 0):
 garbage-first heap   total 131072K, used 41145K [0x0000000081a00000, 0x0000000100000000)
  region size 1024K, 38 young (38912K), 3 survivors (3072K)
 Metaspace       used 20987K, capacity 21190K, committed 21248K, reserved 1069056K
  class space    used 2223K, capacity 2302K, committed 2304K, reserved 1048576K
}
Event: 1.064 GC heap after
{Heap after GC invocations=2 (full 0):
 garbage-first heap   total 131072K, used 10087K [0x0000000081a00000, 0x0000000100000000)
  region size 1024K, 7 young (7168K), 7 survivors (7168K)
 Metaspace       used 20987K, capacity 21190K, committed 21248K, reserved 1069056K
  class space    used 2223K, capacity 2302K, committed 2304K, reserved 1048576K
}
Event: 1.721 GC heap before
{Heap before GC invocations=3 (full 0):
 garbage-first heap   total 131072K, used 62311K [0x0000000081a00000, 0x0000000100000000)
  region size 1024K, 53 young (54272K), 7 survivors (7168K)
 Metaspace       used 31942K, capacity 32381K, committed 32636K, reserved 1077248K
  class space    used 3998K, capacity 4177K, committed 4220K, reserved 1048576K
}
Event: 1.737 GC heap after
{Heap after GC invocations=4 (full 0):
 garbage-first heap   total 131072K, used 20386K [0x0000000081a00000, 0x0000000100000000)
  region size 1024K, 7 young (7168K), 7 survivors (7168K)
 Metaspace       used 31942K, capacity 32381K, committed 32636K, reserved 1077248K
  class space    used 3998K, capacity 4177K, committed 4220K, reserved 1048576K
}
Event: 1.930 GC heap before
{Heap before GC invocations=4 (full 0):
 garbage-first heap   total 131072K, used 36770K [0x0000000081a00000, 0x0000000100000000)
  region size 1024K, 24 young (24576K), 7 survivors (7168K)
 Metaspace       used 35418K, capacity 35853K, committed 36048K, reserved 1081344K
  class space    used 4395K, capacity 4567K, committed 4604K, reserved 1048576K
}
Event: 1.938 GC heap after
{Heap after GC invocations=5 (full 0):
 garbage-first heap   total 131072K, used 22712K [0x0000000081a00000, 0x0000000100000000)
  region size 1024K, 2 young (2048K), 2 survivors (2048K)
 Metaspace       used 35418K, capacity 35853K, committed 36048K, reserved 1081344K
  class space    used 4395K, capacity 4567K, committed 4604K, reserved 1048576K
}
Event: 2.583 GC heap before
{Heap before GC invocations=6 (full 0):
 garbage-first heap   total 131072K, used 69816K [0x0000000081a00000, 0x0000000100000000)
  region size 1024K, 48 young (49152K), 2 survivors (2048K)
 Metaspace       used 45458K, capacity 45963K, committed 46364K, reserved 1089536K
  class space    used 5409K, capacity 5609K, committed 5756K, reserved 1048576K
}
Event: 2.592 GC heap after
{Heap after GC invocations=7 (full 0):
 garbage-first heap   total 157696K, used 26555K [0x0000000081a00000, 0x0000000100000000)
  region size 1024K, 6 young (6144K), 6 survivors (6144K)
 Metaspace       used 45458K, capacity 45963K, committed 46364K, reserved 1089536K
  class space    used 5409K, capacity 5609K, committed 5756K, reserved 1048576K
}
Event: 3.229 GC heap before
{Heap before GC invocations=7 (full 0):
 garbage-first heap   total 157696K, used 83899K [0x0000000081a00000, 0x0000000100000000)
  region size 1024K, 61 young (62464K), 6 survivors (6144K)
 Metaspace       used 50168K, capacity 50707K, committed 50972K, reserved 1093632K
  class space    used 5896K, capacity 6119K, committed 6268K, reserved 1048576K
}
Event: 3.240 GC heap after
{Heap after GC invocations=8 (full 0):
 garbage-first heap   total 157696K, used 32672K [0x0000000081a00000, 0x0000000100000000)
  region size 1024K, 6 young (6144K), 6 survivors (6144K)
 Metaspace       used 50168K, capacity 50707K, committed 50972K, reserved 1093632K
  class space    used 5896K, capacity 6119K, committed 6268K, reserved 1048576K
}
Event: 4.389 GC heap before
{Heap before GC invocations=8 (full 0):
 garbage-first heap   total 157696K, used 94112K [0x0000000081a00000, 0x0000000100000000)
  region size 1024K, 66 young (67584K), 6 survivors (6144K)
 Metaspace       used 55593K, capacity 56144K, committed 56220K, reserved 1099776K
  class space    used 6371K, capacity 6608K, committed 6652K, reserved 1048576K
}
Event: 4.410 GC heap after
{Heap after GC invocations=9 (full 0):
 garbage-first heap   total 157696K, used 41232K [0x0000000081a00000, 0x0000000100000000)
  region size 1024K, 9 young (9216K), 9 survivors (9216K)
 Metaspace       used 55593K, capacity 56144K, committed 56220K, reserved 1099776K
  class space    used 6371K, capacity 6608K, committed 6652K, reserved 1048576K
}
Event: 5.597 GC heap before
{Heap before GC invocations=9 (full 0):
 garbage-first heap   total 157696K, used 81168K [0x0000000081a00000, 0x0000000100000000)
  region size 1024K, 49 young (50176K), 9 survivors (9216K)
 Metaspace       used 59985K, capacity 60554K, committed 60636K, reserved 1103872K
  class space    used 6710K, capacity 6957K, committed 7036K, reserved 1048576K
}
Event: 5.611 GC heap after
{Heap after GC invocations=10 (full 0):
 garbage-first heap   total 157696K, used 46029K [0x0000000081a00000, 0x0000000100000000)
  region size 1024K, 5 young (5120K), 5 survivors (5120K)
 Metaspace       used 59985K, capacity 60554K, committed 60636K, reserved 1103872K
  class space    used 6710K, capacity 6957K, committed 7036K, reserved 1048576K
}
Event: 6.578 GC heap before
{Heap before GC invocations=11 (full 0):
 garbage-first heap   total 157696K, used 107469K [0x0000000081a00000, 0x0000000100000000)
  region size 1024K, 65 young (66560K), 5 survivors (5120K)
 Metaspace       used 71238K, capacity 71897K, committed 72028K, reserved 1114112K
  class space    used 7882K, capacity 8140K, committed 8188K, reserved 1048576K
}

