# JRE version: OpenJDK Runtime Environment (11.0.12+7) (build 11.0.12+7-b1504.28-7817840)
# Java VM: OpenJDK 64-Bit Server VM (11.0.12+7-b1504.28-7817840, mixed mode, tiered, compressed oops, g1 gc, windows-amd64)
Heap:
 garbage-first heap   total 162816K, used 33542K [0x0000000081a00000, 0x0000000100000000)
  region size 1024K, 14 young (14336K), 7 survivors (7168K)
 Metaspace       used 46452K, capacity 46994K, committed 47312K, reserved 1091584K
  class space    used 5529K, capacity 5739K, committed 5884K, reserved 1048576K
GC Heap History (10 events):
Event: 0.486 GC heap before
{Heap before GC invocations=0 (full 0):
 garbage-first heap   total 131072K, used 27648K [0x0000000081a00000, 0x0000000100000000)
  region size 1024K, 24 young (24576K), 0 survivors (0K)
 Metaspace       used 12520K, capacity 12689K, committed 12800K, reserved 1060864K
  class space    used 1143K, capacity 1182K, committed 1280K, reserved 1048576K
}
Event: 0.490 GC heap after
{Heap after GC invocations=1 (full 0):
 garbage-first heap   total 131072K, used 6321K [0x0000000081a00000, 0x0000000100000000)
  region size 1024K, 3 young (3072K), 3 survivors (3072K)
 Metaspace       used 12520K, capacity 12689K, committed 12800K, reserved 1060864K
  class space    used 1143K, capacity 1182K, committed 1280K, reserved 1048576K
}
Event: 0.972 GC heap before
{Heap before GC invocations=1 (full 0):
 garbage-first heap   total 131072K, used 42161K [0x0000000081a00000, 0x0000000100000000)
  region size 1024K, 39 young (39936K), 3 survivors (3072K)
 Metaspace       used 20974K, capacity 21190K, committed 21248K, reserved 1069056K
  class space    used 2224K, capacity 2302K, committed 2304K, reserved 1048576K
}
Event: 0.981 GC heap after
{Heap after GC invocations=2 (full 0):
 garbage-first heap   total 131072K, used 9810K [0x0000000081a00000, 0x0000000100000000)
  region size 1024K, 7 young (7168K), 7 survivors (7168K)
 Metaspace       used 20974K, capacity 21190K, committed 21248K, reserved 1069056K
  class space    used 2224K, capacity 2302K, committed 2304K, reserved 1048576K
}
Event: 1.731 GC heap before
{Heap before GC invocations=3 (full 0):
 garbage-first heap   total 131072K, used 64082K [0x0000000081a00000, 0x0000000100000000)
  region size 1024K, 55 young (56320K), 7 survivors (7168K)
 Metaspace       used 32436K, capacity 32834K, committed 33020K, reserved 1077248K
  class space    used 4073K, capacity 4243K, committed 4348K, reserved 1048576K
}
Event: 1.749 GC heap after
{Heap after GC invocations=4 (full 0):
 garbage-first heap   total 131072K, used 20452K [0x0000000081a00000, 0x0000000100000000)
  region size 1024K, 7 young (7168K), 7 survivors (7168K)
 Metaspace       used 32436K, capacity 32834K, committed 33020K, reserved 1077248K
  class space    used 4073K, capacity 4243K, committed 4348K, reserved 1048576K
}
Event: 1.924 GC heap before
{Heap before GC invocations=4 (full 0):
 garbage-first heap   total 131072K, used 34788K [0x0000000081a00000, 0x0000000100000000)
  region size 1024K, 22 young (22528K), 7 survivors (7168K)
 Metaspace       used 35414K, capacity 35853K, committed 36048K, reserved 1081344K
  class space    used 4396K, capacity 4567K, committed 4604K, reserved 1048576K
}
Event: 1.935 GC heap after
{Heap after GC invocations=5 (full 0):
 garbage-first heap   total 131072K, used 22872K [0x0000000081a00000, 0x0000000100000000)
  region size 1024K, 7 young (7168K), 7 survivors (7168K)
 Metaspace       used 35414K, capacity 35853K, committed 36048K, reserved 1081344K
  class space    used 4396K, capacity 4567K, committed 4604K, reserved 1048576K
}
Event: 2.561 GC heap before
{Heap before GC invocations=6 (full 0):
 garbage-first heap   total 131072K, used 68952K [0x0000000081a00000, 0x0000000100000000)
  region size 1024K, 52 young (53248K), 7 survivors (7168K)
 Metaspace       used 45239K, capacity 45738K, committed 46032K, reserved 1089536K
  class space    used 5396K, capacity 5577K, committed 5628K, reserved 1048576K
}
Event: 2.572 GC heap after
{Heap after GC invocations=7 (full 0):
 garbage-first heap   total 162816K, used 27398K [0x0000000081a00000, 0x0000000100000000)
  region size 1024K, 7 young (7168K), 7 survivors (7168K)
 Metaspace       used 45239K, capacity 45738K, committed 46032K, reserved 1089536K
  class space    used 5396K, capacity 5577K, committed 5628K, reserved 1048576K
}

