# JRE version: OpenJDK Runtime Environment (11.0.12+7) (build 11.0.12+7-b1504.28-7817840)
# Java VM: OpenJDK 64-Bit Server VM (11.0.12+7-b1504.28-7817840, mixed mode, tiered, compressed oops, g1 gc, windows-amd64)
Heap:
 garbage-first heap   total 157696K, used 53970K [0x0000000081a00000, 0x0000000100000000)
  region size 1024K, 22 young (22528K), 9 survivors (9216K)
 Metaspace       used 57910K, capacity 58513K, committed 58624K, reserved 1101824K
  class space    used 6570K, capacity 6814K, committed 6912K, reserved 1048576K
GC Heap History (14 events):
Event: 0.603 GC heap before
{Heap before GC invocations=0 (full 0):
 garbage-first heap   total 131072K, used 27648K [0x0000000081a00000, 0x0000000100000000)
  region size 1024K, 24 young (24576K), 0 survivors (0K)
 Metaspace       used 12512K, capacity 12689K, committed 12800K, reserved 1060864K
  class space    used 1143K, capacity 1182K, committed 1280K, reserved 1048576K
}
Event: 0.608 GC heap after
{Heap after GC invocations=1 (full 0):
 garbage-first heap   total 131072K, used 6333K [0x0000000081a00000, 0x0000000100000000)
  region size 1024K, 3 young (3072K), 3 survivors (3072K)
 Metaspace       used 12512K, capacity 12689K, committed 12800K, reserved 1060864K
  class space    used 1143K, capacity 1182K, committed 1280K, reserved 1048576K
}
Event: 1.307 GC heap before
{Heap before GC invocations=1 (full 0):
 garbage-first heap   total 131072K, used 42173K [0x0000000081a00000, 0x0000000100000000)
  region size 1024K, 39 young (39936K), 3 survivors (3072K)
 Metaspace       used 20975K, capacity 21190K, committed 21248K, reserved 1069056K
  class space    used 2222K, capacity 2302K, committed 2304K, reserved 1048576K
}
Event: 1.319 GC heap after
{Heap after GC invocations=2 (full 0):
 garbage-first heap   total 131072K, used 9817K [0x0000000081a00000, 0x0000000100000000)
  region size 1024K, 7 young (7168K), 7 survivors (7168K)
 Metaspace       used 20975K, capacity 21190K, committed 21248K, reserved 1069056K
  class space    used 2222K, capacity 2302K, committed 2304K, reserved 1048576K
}
Event: 2.387 GC heap before
{Heap before GC invocations=3 (full 0):
 garbage-first heap   total 131072K, used 63065K [0x0000000081a00000, 0x0000000100000000)
  region size 1024K, 54 young (55296K), 7 survivors (7168K)
 Metaspace       used 32176K, capacity 32610K, committed 32640K, reserved 1077248K
  class space    used 4037K, capacity 4211K, committed 4224K, reserved 1048576K
}
Event: 2.411 GC heap after
{Heap after GC invocations=4 (full 0):
 garbage-first heap   total 131072K, used 20529K [0x0000000081a00000, 0x0000000100000000)
  region size 1024K, 7 young (7168K), 7 survivors (7168K)
 Metaspace       used 32176K, capacity 32610K, committed 32640K, reserved 1077248K
  class space    used 4037K, capacity 4211K, committed 4224K, reserved 1048576K
}
Event: 2.651 GC heap before
{Heap before GC invocations=4 (full 0):
 garbage-first heap   total 131072K, used 35889K [0x0000000081a00000, 0x0000000100000000)
  region size 1024K, 23 young (23552K), 7 survivors (7168K)
 Metaspace       used 35406K, capacity 35789K, committed 35840K, reserved 1081344K
  class space    used 4396K, capacity 4567K, committed 4608K, reserved 1048576K
}
Event: 2.660 GC heap after
{Heap after GC invocations=5 (full 0):
 garbage-first heap   total 131072K, used 23140K [0x0000000081a00000, 0x0000000100000000)
  region size 1024K, 3 young (3072K), 3 survivors (3072K)
 Metaspace       used 35406K, capacity 35789K, committed 35840K, reserved 1081344K
  class space    used 4396K, capacity 4567K, committed 4608K, reserved 1048576K
}
Event: 3.293 GC heap before
{Heap before GC invocations=6 (full 0):
 garbage-first heap   total 131072K, used 69220K [0x0000000081a00000, 0x0000000100000000)
  region size 1024K, 48 young (49152K), 3 survivors (3072K)
 Metaspace       used 45179K, capacity 45674K, committed 45824K, reserved 1089536K
  class space    used 5394K, capacity 5577K, committed 5632K, reserved 1048576K
}
Event: 3.299 GC heap after
{Heap after GC invocations=7 (full 0):
 garbage-first heap   total 157696K, used 26732K [0x0000000081a00000, 0x0000000100000000)
  region size 1024K, 6 young (6144K), 6 survivors (6144K)
 Metaspace       used 45179K, capacity 45674K, committed 45824K, reserved 1089536K
  class space    used 5394K, capacity 5577K, committed 5632K, reserved 1048576K
}
Event: 4.080 GC heap before
{Heap before GC invocations=7 (full 0):
 garbage-first heap   total 157696K, used 88172K [0x0000000081a00000, 0x0000000100000000)
  region size 1024K, 65 young (66560K), 6 survivors (6144K)
 Metaspace       used 50207K, capacity 50772K, committed 50944K, reserved 1093632K
  class space    used 5894K, capacity 6119K, committed 6144K, reserved 1048576K
}
Event: 4.090 GC heap after
{Heap after GC invocations=8 (full 0):
 garbage-first heap   total 157696K, used 32433K [0x0000000081a00000, 0x0000000100000000)
  region size 1024K, 9 young (9216K), 9 survivors (9216K)
 Metaspace       used 50207K, capacity 50772K, committed 50944K, reserved 1093632K
  class space    used 5894K, capacity 6119K, committed 6144K, reserved 1048576K
}
Event: 6.683 GC heap before
{Heap before GC invocations=8 (full 0):
 garbage-first heap   total 157696K, used 95921K [0x0000000081a00000, 0x0000000100000000)
  region size 1024K, 71 young (72704K), 9 survivors (9216K)
 Metaspace       used 56452K, capacity 57002K, committed 57216K, reserved 1099776K
  class space    used 6438K, capacity 6678K, committed 6784K, reserved 1048576K
}
Event: 6.717 GC heap after
{Heap after GC invocations=9 (full 0):
 garbage-first heap   total 157696K, used 41682K [0x0000000081a00000, 0x0000000100000000)
  region size 1024K, 9 young (9216K), 9 survivors (9216K)
 Metaspace       used 56452K, capacity 57002K, committed 57216K, reserved 1099776K
  class space    used 6438K, capacity 6678K, committed 6784K, reserved 1048576K
}

